2023-10-18T02:52:14Z|SimbaProjectPopUp.stdout_success||complete||Loaded project C:/Users/tchew/Desktop/New folder (2)/final/project_folder/project_config.ini
2023-10-18T02:52:25Z|copy_single_video_to_project.stdout_success||complete||Video video-20231012-045518-7502573c imported to SimBA project (project_folder/videos directory
2023-10-18T02:52:46Z|simba.pose_importers.dlc_importer_csv||CLASS_INIT||file_path: C:/Users/tchew/Desktop/Orangutan-Dylan-2023-10-17/videos/video-20231012-045518-7502573cDLC_resnet50_OrangutanOct17shuffle1_400_filtered.csv, smoothing_time: , smoothing_setting: None, interpolation_setting: None, config_path: C:/Users/tchew/Desktop/New folder (2)/final/project_folder/project_config.ini
2023-10-18T02:52:47Z|import_single_dlc_tracking_csv_file.stdout_success||complete||Imported 1 pose estimation file(s)
2023-10-18T02:52:57Z|VideoInfoTable||CLASS_INIT||config_path: C:/Users/tchew/Desktop/New folder (2)/final/project_folder/project_config.ini
2023-10-18T02:53:51Z|VideoInfoTable.stdout_success||complete||Video info saved at project_folder/logs/video_info.csv
2023-10-18T02:54:23Z|OutlierSettingsPopUp.stdout_success||complete||Outlier correction settings updated in the project_config.ini
2023-10-18T02:54:30Z|OutlierCorrecterMovement||CLASS_INIT||Criterion: 30.0, Body-parts {'Animal_1': {'bp_1': 'head', 'bp_2': 'center'}}
2023-10-18T02:54:31Z|OutlierCorrecterMovement.stdout_success||complete||Log for corrected "movement outliers" saved in project_folder/logs
2023-10-18T02:54:31Z|OutlierCorrecterLocation||CLASS_INIT||Criterion: 30.0, Body-parts {'Animal_1': {'bp_1': 'head', 'bp_2': 'center'}}
2023-10-18T02:54:31Z|OutlierCorrecterLocation.stdout_success||complete||Log for corrected "location outliers" saved in project_folder/logs
2023-10-18T02:54:31Z|SimbaProjectPopUp.stdout_success||complete||Outlier corrected files located in "project_folder/csv/outlier_corrected_movement_location" directory
2023-10-18T02:54:38Z|UserDefinedFeatureExtractor||CLASS_INIT||config_path: C:/Users/tchew/Desktop/New folder (2)/final/project_folder/project_config.ini
2023-10-18T02:54:39Z|UserDefinedFeatureExtractor.stdout_success||complete||Feature extraction complete for 1 video(s). Results are saved inside the project_folder/csv/features_extracted directory
2023-10-18T02:54:56Z|LabellingInterface||CLASS_INIT||continuing: False, setting: from_scratch, threshold_dict: None, file_path: C:/Users/tchew/Desktop/New folder (2)/final/project_folder/videos/video-20231012-045518-7502573c.mp4, config_path: C:/Users/tchew/Desktop/New folder (2)/final/project_folder/project_config.ini
2023-10-18T02:56:30Z|SimbaProjectPopUp.stdout_success||complete||Loaded project C:/Users/tchew/Desktop/New folder (2)/final/project_folder/project_config.ini
2023-10-18T02:56:38Z|LabellingInterface||CLASS_INIT||continuing: True, setting: None, threshold_dict: None, file_path: C:/Users/tchew/Desktop/New folder (2)/final/project_folder/videos/video-20231012-045518-7502573c.mp4, config_path: C:/Users/tchew/Desktop/New folder (2)/final/project_folder/project_config.ini
2023-10-18T02:56:38Z|check_file_exist_and_readable.NoFilesFoundError||error||SIMBA NO FILES FOUND ERROR: C:/Users/tchew/Desktop/New folder (2)\final\project_folder\csv\targets_inserted\video-20231012-045518-7502573c.csv is not a valid file path
2023-10-18T02:56:50Z|LabellingInterface||CLASS_INIT||continuing: False, setting: from_scratch, threshold_dict: None, file_path: C:/Users/tchew/Desktop/New folder (2)/final/project_folder/videos/video-20231012-045518-7502573c.mp4, config_path: C:/Users/tchew/Desktop/New folder (2)/final/project_folder/project_config.ini
2023-10-18T03:06:20Z|SimbaProjectPopUp.stdout_success||complete||Loaded project C:/Users/tchew/Desktop/New folder (2)/final/project_folder/project_config.ini
2023-10-18T03:06:28Z|LabellingInterface||CLASS_INIT||continuing: False, setting: from_scratch, threshold_dict: None, file_path: C:/Users/tchew/Downloads/video-20231012-045518-7502573c.mp4, config_path: C:/Users/tchew/Desktop/New folder (2)/final/project_folder/project_config.ini
2023-10-18T03:07:17Z|LabellingInterface.stdout_success||complete||SAVED: Annotation file for video video-20231012-045518-7502573c saved within the project_folder/csv/targets_inserted directory.
2023-10-18T03:08:09Z|MachineModelSettingsPopUp||CLASS_INIT||config_path: C:/Users/tchew/Desktop/New folder (2)/final/project_folder/project_config.ini
2023-10-18T03:08:54Z|MachineModelSettingsPopUp.stdout_success||complete||Global model settings saved in the project_folder/project_config.ini
2023-10-18T03:09:05Z|TrainRandomForestClassifier||CLASS_INIT||config_path: C:/Users/tchew/Desktop/New folder (2)/final/project_folder/project_config.ini
2023-10-18T03:09:12Z|TrainRandomForestClassifier.NotEnoughDataWarning||warning||Not enough data to create classification report: walk
2023-10-18T03:09:14Z|TrainRandomForestClassifier.stdout_success||complete||Classifier walk saved in models/generated_models directory
2023-10-18T03:09:14Z|TrainRandomForestClassifier.stdout_success||complete||Evaluation files are in models/generated_models/model_evaluations folders
2023-10-18T03:10:44Z|InferenceValidation||CLASS_INIT||clf_path: C:/Users/tchew/Desktop/New folder (2)/final/models/generated_models/walk.sav, input_file_path: C:/Users/tchew/Desktop/New folder (2)/final/project_folder/project_config.ini, config_path: C:/Users/tchew/Desktop/New folder (2)/final/project_folder/project_config.ini
2023-10-18T03:10:44Z|InferenceValidation.BodypartColumnNotFoundWarning||warning||SimBA could not drop body-part coordinates, some body-part names are missing in dataframe. SimBA expected the following body-parts, that could not be found inside the file: ['leftleg_y', 'leftleg_p', 'center_p', 'rightleg_p', 'center_y', 'head_x', 'center_x', 'leftleg_x', 'head_y', 'head_p', 'rightleg_y', 'rightleg_x']
2023-10-18T03:11:47Z|InferenceValidation||CLASS_INIT||clf_path: C:/Users/tchew/Desktop/New folder (2)/final/project_folder/project_config.ini, input_file_path: C:/Users/tchew/Desktop/New folder (2)/final/models/generated_models/walk.sav, config_path: C:/Users/tchew/Desktop/New folder (2)/final/project_folder/project_config.ini
2023-10-18T03:11:47Z|read_df.InvalidFileTypeError||error||SIMBA INVALID FILE TYPE ERROR: C:/Users/tchew/Desktop/New folder (2)/final/models/generated_models/walk.sav is not a valid CSV file
2023-10-18T03:12:35Z|InferenceValidation||CLASS_INIT||clf_path: C:/Users/tchew/Desktop/New folder (2)/final/models/generated_models/walk.sav, input_file_path: C:/Users/tchew/Desktop/New folder (2)/final/project_folder/csv/input_csv/original_filename/video-20231012-045518-7502573cDLC_resnet50_OrangutanOct17shuffle1_400_filtered.csv, config_path: C:/Users/tchew/Desktop/New folder (2)/final/project_folder/project_config.ini
2023-10-18T03:12:35Z|read_df.InvalidFileTypeError||error||SIMBA INVALID FILE TYPE ERROR: C:/Users/tchew/Desktop/New folder (2)/final/project_folder/csv/input_csv/original_filename/video-20231012-045518-7502573cDLC_resnet50_OrangutanOct17shuffle1_400_filtered.csv is not a valid CSV file
2023-10-18T03:13:55Z|InferenceValidation||CLASS_INIT||clf_path: C:/Users/tchew/Desktop/New folder (2)/final/models/generated_models/walk.sav, input_file_path: C:/Users/tchew/Desktop/New folder (2)/final/project_folder/csv/features_extracted/video-20231012-045518-7502573c.csv, config_path: C:/Users/tchew/Desktop/New folder (2)/final/project_folder/project_config.ini
2023-10-18T03:13:56Z|InferenceValidation.stdout_success||complete||Validation predictions generated for "video-20231012-045518-7502573c" within the project_folder/csv/validation directory
2023-10-18T03:14:05Z|check_int.IntegerError||error||SIMBA INTEGER ERROR: MINIMUM BOUT LENGTH should be an integer number in SimBA, but is set to 
2023-10-18T03:14:34Z|ValidateModelOneVideo||CLASS_INIT||settings: {'pose': True, 'animal_names': False, 'styles': None}, create_gantt: None, shortest_bout: 1000, discrimination_threshold: 0.9, model_path: C:/Users/tchew/Desktop/New folder (2)/final/models/generated_models/walk.sav, feature_file_path: C:/Users/tchew/Desktop/New folder (2)/final/project_folder/csv/features_extracted/video-20231012-045518-7502573c.csv, config_path: C:/Users/tchew/Desktop/New folder (2)/final/project_folder/project_config.ini
2023-10-18T03:14:44Z|ValidateModelOneVideo.stdout_success||complete||Validation video saved at C:/Users/tchew/Desktop/New folder (2)\final\project_folder\frames\output\validation\video-20231012-045518-7502573c walk.avi
2023-10-18T03:17:38Z|SetMachineModelParameters.stdout_success||complete||Model paths/settings saved in project_config.ini
2023-10-18T03:17:48Z|SetMachineModelParameters.stdout_success||complete||Model paths/settings saved in project_config.ini
2023-10-18T03:18:07Z|InferenceBatch||CLASS_INIT||config_path: C:/Users/tchew/Desktop/New folder (2)/final/project_folder/project_config.ini
2023-10-18T03:18:08Z|InferenceBatch.stdout_success||complete||Machine predictions complete. Files saved in project_folder/csv/machine_results directory
2023-10-18T03:18:19Z|InferenceBatch||CLASS_INIT||config_path: C:/Users/tchew/Desktop/New folder (2)/final/project_folder/project_config.ini
2023-10-18T03:18:19Z|InferenceBatch.stdout_success||complete||Machine predictions complete. Files saved in project_folder/csv/machine_results directory
2023-10-18T03:18:41Z|SetMachineModelParameters.stdout_success||complete||Model paths/settings saved in project_config.ini
2023-10-18T03:19:06Z|InferenceBatch||CLASS_INIT||config_path: C:/Users/tchew/Desktop/New folder (2)/final/project_folder/project_config.ini
2023-10-18T03:19:06Z|InferenceBatch||CLASS_INIT||config_path: C:/Users/tchew/Desktop/New folder (2)/final/project_folder/project_config.ini
2023-10-18T03:19:07Z|InferenceBatch.stdout_success||complete||Machine predictions complete. Files saved in project_folder/csv/machine_results directory
2023-10-18T03:19:07Z|InferenceBatch.stdout_success||complete||Machine predictions complete. Files saved in project_folder/csv/machine_results directory
2023-10-18T03:19:26Z|InferenceBatch||CLASS_INIT||config_path: C:/Users/tchew/Desktop/New folder (2)/final/project_folder/project_config.ini
2023-10-18T03:19:27Z|InferenceBatch.stdout_success||complete||Machine predictions complete. Files saved in project_folder/csv/machine_results directory
2023-10-18T03:21:50Z|AggregateClfCalculator||CLASS_INIT||video_meta_data: ['Frame count', 'Video length (s)'], classifiers: ['walk'], data_measures: ['Bout count', 'Total event duration (s)', 'Mean event bout duration (s)', 'Median event bout duration (s)', 'First event occurrence (s)', 'Mean event bout interval duration (s)', 'Median event bout interval duration (s)'], config_path: C:/Users/tchew/Desktop/New folder (2)/final/project_folder/project_config.ini
2023-10-18T03:21:50Z|AggregateClfCalculator.stdout_success||complete||Data log saved at C:/Users/tchew/Desktop/New folder (2)\final\project_folder\logs\data_summary_20231018032150.csv
2023-10-18T03:25:28Z|GanttCreatorSingleProcess||CLASS_INIT||style_attr: {'width': 640, 'height': 480, 'font size': 8, 'font rotation': 45}, files_found: ['C:/Users/tchew/Desktop/New folder (2)\\final\\project_folder\\csv\\machine_results\\video-20231012-045518-7502573c.csv'], last_frm_setting: True, video_setting: True, frame_setting: True, config_path: C:/Users/tchew/Desktop/New folder (2)/final/project_folder/project_config.ini
2023-10-18T03:25:28Z|GanttCreatorSingleProcess.stdout_success||complete||Final gantt frame for video video-20231012-045518-7502573c saved at C:/Users/tchew/Desktop/New folder (2)\final\project_folder\frames\output\gantt_plots\video-20231012-045518-7502573c_final_image.png
2023-10-18T03:25:47Z|GanttCreatorSingleProcess.stdout_success||complete||All gantt visualizations created in project_folder/frames/output/gantt_plots directory
2023-10-18T03:28:38Z|PathPlotterSingleCore||CLASS_INIT||slicing: None, print_animal_names: True, input_clf_attr: defaultdict(<class 'list'>, {0: ['walk', 'Grey', 'Size: 16']}), animal_attr: defaultdict(<class 'list'>, {0: ['head', 'Grey']}), input_style_attr: None, files_found: ['C:/Users/tchew/Desktop/New folder (2)\\final\\project_folder\\csv\\machine_results\\video-20231012-045518-7502573c.csv'], last_frame: True, video_setting: True, frame_setting: True, config_path: C:/Users/tchew/Desktop/New folder (2)/final/project_folder/project_config.ini
2023-10-18T03:28:38Z|PathPlotterSingleCore.stdout_success||complete||Final path plot saved at C:/Users/tchew/Desktop/New folder (2)\final\project_folder\frames\output\path_plots\video-20231012-045518-7502573c_final_frame.png
2023-10-18T03:29:07Z|PathPlotterSingleCore.stdout_success||complete||Path visualizations for 1 videos saved in project_folder/frames/output/path_plots directory
2023-10-18T03:31:07Z|MachineModelSettingsPopUp||CLASS_INIT||config_path: C:/Users/tchew/Desktop/New folder (2)/final/project_folder/project_config.ini
2023-10-18T03:41:20Z|copy_single_video_to_project.stdout_success||complete||Video test imported to SimBA project (project_folder/videos directory
2023-10-18T03:41:41Z|UserDefinedFeatureExtractor||CLASS_INIT||config_path: C:/Users/tchew/Desktop/New folder (2)/final/project_folder/project_config.ini
2023-10-18T03:41:43Z|UserDefinedFeatureExtractor.stdout_success||complete||Feature extraction complete for 1 video(s). Results are saved inside the project_folder/csv/features_extracted directory
2023-10-18T03:45:02Z|VideoInfoTable||CLASS_INIT||config_path: C:/Users/tchew/Desktop/New folder (2)/final/project_folder/project_config.ini
2023-10-18T03:45:25Z|VideoInfoTable.stdout_success||complete||Video info saved at project_folder/logs/video_info.csv
2023-10-18T03:47:01Z|SimbaProjectPopUp.stdout_success||complete||Loaded project C:/Users/tchew/Desktop/New folder (2)/final/project_folder/project_config.ini
2023-10-18T03:47:04Z|VideoInfoTable||CLASS_INIT||config_path: C:/Users/tchew/Desktop/New folder (2)/final/project_folder/project_config.ini
2023-10-18T03:47:09Z|VideoInfoTable.stdout_success||complete||Video info saved at project_folder/logs/video_info.csv
2023-10-18T03:47:14Z|OutlierCorrecterMovement||CLASS_INIT||Criterion: 30.0, Body-parts {'Animal_1': {'bp_1': 'head', 'bp_2': 'center'}}
2023-10-18T03:47:16Z|OutlierCorrecterMovement.stdout_success||complete||Log for corrected "movement outliers" saved in project_folder/logs
2023-10-18T03:47:16Z|OutlierCorrecterLocation||CLASS_INIT||Criterion: 30.0, Body-parts {'Animal_1': {'bp_1': 'head', 'bp_2': 'center'}}
2023-10-18T03:47:16Z|OutlierCorrecterLocation.stdout_success||complete||Log for corrected "location outliers" saved in project_folder/logs
2023-10-18T03:47:16Z|SimbaProjectPopUp.stdout_success||complete||Outlier corrected files located in "project_folder/csv/outlier_corrected_movement_location" directory
2023-10-18T03:47:22Z|UserDefinedFeatureExtractor||CLASS_INIT||config_path: C:/Users/tchew/Desktop/New folder (2)/final/project_folder/project_config.ini
2023-10-18T03:47:23Z|UserDefinedFeatureExtractor.stdout_success||complete||Feature extraction complete for 1 video(s). Results are saved inside the project_folder/csv/features_extracted directory
2023-10-18T03:47:51Z|OutlierSettingsPopUp.stdout_success||complete||Outlier correction settings updated in the project_config.ini
2023-10-18T03:47:52Z|OutlierSettingsPopUp.stdout_success||complete||Outlier correction settings updated in the project_config.ini
2023-10-18T03:47:59Z|VideoInfoTable||CLASS_INIT||config_path: C:/Users/tchew/Desktop/New folder (2)/final/project_folder/project_config.ini
2023-10-18T03:48:05Z|VideoInfoTable.stdout_success||complete||Video info saved at project_folder/logs/video_info.csv
2023-10-18T03:48:27Z|SimbaProjectPopUp.stdout_success||complete||Loaded project C:/Users/tchew/Desktop/New folder (2)/final/project_folder/project_config.ini
2023-10-18T03:48:38Z|OutlierSettingsPopUp.stdout_success||complete||Outlier correction settings updated in the project_config.ini
2023-10-18T03:48:43Z|OutlierCorrecterMovement||CLASS_INIT||Criterion: 30.0, Body-parts {'Animal_1': {'bp_1': 'head', 'bp_2': 'center'}}
2023-10-18T03:48:43Z|OutlierCorrecterMovement.stdout_success||complete||Log for corrected "movement outliers" saved in project_folder/logs
2023-10-18T03:48:43Z|OutlierCorrecterLocation||CLASS_INIT||Criterion: 30.0, Body-parts {'Animal_1': {'bp_1': 'head', 'bp_2': 'center'}}
2023-10-18T03:48:44Z|OutlierCorrecterLocation.stdout_success||complete||Log for corrected "location outliers" saved in project_folder/logs
2023-10-18T03:48:44Z|SimbaProjectPopUp.stdout_success||complete||Outlier corrected files located in "project_folder/csv/outlier_corrected_movement_location" directory
2023-10-18T03:50:12Z|MachineModelSettingsPopUp||CLASS_INIT||config_path: C:/Users/tchew/Desktop/New folder (2)/final/project_folder/project_config.ini
2023-10-18T03:53:54Z|VideoInfoTable||CLASS_INIT||config_path: C:/Users/tchew/Desktop/New folder (2)/final/project_folder/project_config.ini
2023-10-18T04:31:08Z|simba.pose_importers.dlc_importer_csv||CLASS_INIT||file_path: C:/Users/tchew/Downloads/testDLC_resnet50_OrangutanOct17shuffle1_400_filtered.csv, smoothing_time: , smoothing_setting: None, interpolation_setting: None, config_path: C:/Users/tchew/Desktop/New folder (2)/final/project_folder/project_config.ini
2023-10-18T04:31:08Z|import_single_dlc_tracking_csv_file.stdout_success||complete||Imported 1 pose estimation file(s)
2023-10-18T04:31:21Z|VideoInfoTable||CLASS_INIT||config_path: C:/Users/tchew/Desktop/New folder (2)/final/project_folder/project_config.ini
2023-10-18T04:31:31Z|OutlierCorrecterMovement||CLASS_INIT||Criterion: 30.0, Body-parts {'Animal_1': {'bp_1': 'head', 'bp_2': 'center'}}
2023-10-18T04:31:32Z|OutlierCorrecterMovement.stdout_success||complete||Log for corrected "movement outliers" saved in project_folder/logs
2023-10-18T04:31:32Z|OutlierCorrecterLocation||CLASS_INIT||Criterion: 30.0, Body-parts {'Animal_1': {'bp_1': 'head', 'bp_2': 'center'}}
2023-10-18T04:31:32Z|OutlierCorrecterLocation.stdout_success||complete||Log for corrected "location outliers" saved in project_folder/logs
2023-10-18T04:31:32Z|SimbaProjectPopUp.stdout_success||complete||Outlier corrected files located in "project_folder/csv/outlier_corrected_movement_location" directory
2023-10-18T04:31:44Z|UserDefinedFeatureExtractor||CLASS_INIT||config_path: C:/Users/tchew/Desktop/New folder (2)/final/project_folder/project_config.ini
2023-10-18T04:31:46Z|UserDefinedFeatureExtractor.stdout_success||complete||Feature extraction complete for 2 video(s). Results are saved inside the project_folder/csv/features_extracted directory
2023-10-18T04:34:24Z|InferenceValidation||CLASS_INIT||clf_path: C:/Users/tchew/Desktop/New folder (2)/final/models/generated_models/walk.sav, input_file_path: C:/Users/tchew/Desktop/New folder (2)/final/project_folder/csv/features_extracted/test.csv, config_path: C:/Users/tchew/Desktop/New folder (2)/final/project_folder/project_config.ini
2023-10-18T04:34:25Z|InferenceValidation.stdout_success||complete||Validation predictions generated for "test" within the project_folder/csv/validation directory
2023-10-18T04:34:48Z|ValidateModelOneVideo||CLASS_INIT||settings: {'pose': True, 'animal_names': False, 'styles': None}, create_gantt: None, shortest_bout: 1000, discrimination_threshold: 0.9, model_path: C:/Users/tchew/Desktop/New folder (2)/final/models/generated_models/walk.sav, feature_file_path: C:/Users/tchew/Desktop/New folder (2)/final/project_folder/csv/features_extracted/test.csv, config_path: C:/Users/tchew/Desktop/New folder (2)/final/project_folder/project_config.ini
2023-10-18T04:35:05Z|ValidateModelOneVideo.stdout_success||complete||Validation video saved at C:/Users/tchew/Desktop/New folder (2)\final\project_folder\frames\output\validation\test walk.avi
2023-10-23T17:33:27Z|copy_single_video_to_project.stdout_success||complete||Video video-20231012-055330-3c9be964 imported to SimBA project (project_folder/videos directory
2023-10-23T17:33:39Z|simba.pose_importers.dlc_importer_csv||CLASS_INIT||file_path: C:/Users/tchew/Downloads/video-20231012-055330-3c9be964DLC_resnet50_OrangutanOct17shuffle1_400_filtered.csv, smoothing_time: , smoothing_setting: None, interpolation_setting: None, config_path: C:/Users/tchew/Desktop/New folder (2)/final/project_folder/project_config.ini
2023-10-23T17:33:39Z|import_single_dlc_tracking_csv_file.stdout_success||complete||Imported 1 pose estimation file(s)
2023-10-23T17:36:11Z|VideoInfoTable||CLASS_INIT||config_path: C:/Users/tchew/Desktop/New folder (2)/final/project_folder/project_config.ini
2023-10-23T17:38:16Z|VideoInfoTable.stdout_success||complete||Video info saved at project_folder/logs/video_info.csv
2023-10-23T17:38:35Z|VideoInfoTable.stdout_success||complete||Video info saved at project_folder/logs/video_info.csv
2023-10-23T17:39:05Z|OutlierCorrecterMovement||CLASS_INIT||Criterion: 30.0, Body-parts {'Animal_1': {'bp_1': 'head', 'bp_2': 'center'}}
2023-10-23T17:39:06Z|OutlierCorrecterMovement.stdout_success||complete||Log for corrected "movement outliers" saved in project_folder/logs
2023-10-23T17:39:06Z|OutlierCorrecterLocation||CLASS_INIT||Criterion: 30.0, Body-parts {'Animal_1': {'bp_1': 'head', 'bp_2': 'center'}}
2023-10-23T17:39:07Z|OutlierCorrecterLocation.stdout_success||complete||Log for corrected "location outliers" saved in project_folder/logs
2023-10-23T17:39:07Z|SimbaProjectPopUp.stdout_success||complete||Outlier corrected files located in "project_folder/csv/outlier_corrected_movement_location" directory
2023-10-23T17:40:44Z|UserDefinedFeatureExtractor||CLASS_INIT||config_path: C:/Users/tchew/Desktop/New folder (2)/final/project_folder/project_config.ini
2023-10-23T17:40:47Z|UserDefinedFeatureExtractor.stdout_success||complete||Feature extraction complete for 3 video(s). Results are saved inside the project_folder/csv/features_extracted directory
2023-10-23T17:43:34Z|InferenceValidation||CLASS_INIT||clf_path: C:/Users/tchew/Desktop/New folder (2)/final/models/generated_models/walk.sav, input_file_path: C:/Users/tchew/Desktop/New folder (2)/final/project_folder/csv/features_extracted/video-20231012-055330-3c9be964.csv, config_path: C:/Users/tchew/Desktop/New folder (2)/final/project_folder/project_config.ini
2023-10-23T17:43:35Z|InferenceValidation.stdout_success||complete||Validation predictions generated for "video-20231012-055330-3c9be964" within the project_folder/csv/validation directory
2023-10-23T17:43:43Z|InferenceValidation||CLASS_INIT||clf_path: C:/Users/tchew/Desktop/New folder (2)/final/models/generated_models/walk.sav, input_file_path: C:/Users/tchew/Desktop/New folder (2)/final/project_folder/csv/features_extracted/video-20231012-055330-3c9be964.csv, config_path: C:/Users/tchew/Desktop/New folder (2)/final/project_folder/project_config.ini
2023-10-23T17:43:44Z|InferenceValidation.stdout_success||complete||Validation predictions generated for "video-20231012-055330-3c9be964" within the project_folder/csv/validation directory
2023-10-23T17:43:58Z|InferenceValidation||CLASS_INIT||clf_path: C:/Users/tchew/Desktop/New folder (2)/final/models/generated_models/walk.sav, input_file_path: C:/Users/tchew/Desktop/New folder (2)/final/project_folder/csv/features_extracted/video-20231012-055330-3c9be964.csv, config_path: C:/Users/tchew/Desktop/New folder (2)/final/project_folder/project_config.ini
2023-10-23T17:43:59Z|InferenceValidation.stdout_success||complete||Validation predictions generated for "video-20231012-055330-3c9be964" within the project_folder/csv/validation directory
2023-10-23T17:44:12Z|ValidateModelOneVideo||CLASS_INIT||settings: {'pose': True, 'animal_names': False, 'styles': None}, create_gantt: None, shortest_bout: 1000, discrimination_threshold: 0.9, model_path: C:/Users/tchew/Desktop/New folder (2)/final/models/generated_models/walk.sav, feature_file_path: C:/Users/tchew/Desktop/New folder (2)/final/project_folder/csv/features_extracted/video-20231012-055330-3c9be964.csv, config_path: C:/Users/tchew/Desktop/New folder (2)/final/project_folder/project_config.ini
2023-10-23T17:44:28Z|ValidateModelOneVideo.stdout_success||complete||Validation video saved at C:/Users/tchew/Desktop/New folder (2)\final\project_folder\frames\output\validation\video-20231012-055330-3c9be964 walk.avi
2023-10-23T18:05:18Z|copy_single_video_to_project.stdout_success||complete||Video try2 imported to SimBA project (project_folder/videos directory
2023-10-23T18:05:44Z|simba.pose_importers.dlc_importer_csv||CLASS_INIT||file_path: C:/Users/tchew/Downloads/try2DLC_resnet50_OrangutanOct17shuffle1_400_filtered.csv, smoothing_time: , smoothing_setting: None, interpolation_setting: None, config_path: C:/Users/tchew/Desktop/New folder (2)/final/project_folder/project_config.ini
2023-10-23T18:05:44Z|import_single_dlc_tracking_csv_file.stdout_success||complete||Imported 1 pose estimation file(s)
2023-10-23T18:05:51Z|VideoInfoTable||CLASS_INIT||config_path: C:/Users/tchew/Desktop/New folder (2)/final/project_folder/project_config.ini
2023-10-23T18:05:55Z|VideoInfoTable.InvalidInputError||error||SIMBA VALUE ERROR: The *DISTANCE IN MM* for video C:/Users/tchew/Desktop/New folder (2)\final\project_folder\videos\try2.mp4 is <=0. The *DISTANCE IN MM* has to be a value above 0.
2023-10-23T18:06:13Z|VideoInfoTable.stdout_success||complete||Video info saved at project_folder/logs/video_info.csv
2023-10-23T18:06:25Z|VideoInfoTable.stdout_success||complete||Video info saved at project_folder/logs/video_info.csv
2023-10-23T18:06:39Z|OutlierCorrecterMovement||CLASS_INIT||Criterion: 30.0, Body-parts {'Animal_1': {'bp_1': 'head', 'bp_2': 'center'}}
2023-10-23T18:06:39Z|OutlierCorrecterMovement.stdout_success||complete||Log for corrected "movement outliers" saved in project_folder/logs
2023-10-23T18:06:39Z|OutlierCorrecterLocation||CLASS_INIT||Criterion: 30.0, Body-parts {'Animal_1': {'bp_1': 'head', 'bp_2': 'center'}}
2023-10-23T18:06:40Z|OutlierCorrecterLocation.stdout_success||complete||Log for corrected "location outliers" saved in project_folder/logs
2023-10-23T18:06:40Z|SimbaProjectPopUp.stdout_success||complete||Outlier corrected files located in "project_folder/csv/outlier_corrected_movement_location" directory
2023-10-23T18:06:52Z|UserDefinedFeatureExtractor||CLASS_INIT||config_path: C:/Users/tchew/Desktop/New folder (2)/final/project_folder/project_config.ini
2023-10-23T18:06:53Z|UserDefinedFeatureExtractor.stdout_success||complete||Feature extraction complete for 4 video(s). Results are saved inside the project_folder/csv/features_extracted directory
2023-10-23T18:07:31Z|InferenceValidation||CLASS_INIT||clf_path: C:/Users/tchew/Desktop/New folder (2)/final/models/generated_models/walk.sav, input_file_path: C:/Users/tchew/Desktop/New folder (2)/final/project_folder/csv/features_extracted/try2.csv, config_path: C:/Users/tchew/Desktop/New folder (2)/final/project_folder/project_config.ini
2023-10-23T18:07:31Z|InferenceValidation.stdout_success||complete||Validation predictions generated for "try2" within the project_folder/csv/validation directory
2023-10-23T18:07:38Z|ValidateModelOneVideo||CLASS_INIT||settings: {'pose': True, 'animal_names': False, 'styles': None}, create_gantt: None, shortest_bout: 1000, discrimination_threshold: 0.9, model_path: C:/Users/tchew/Desktop/New folder (2)/final/models/generated_models/walk.sav, feature_file_path: C:/Users/tchew/Desktop/New folder (2)/final/project_folder/csv/features_extracted/try2.csv, config_path: C:/Users/tchew/Desktop/New folder (2)/final/project_folder/project_config.ini
2023-10-23T18:07:43Z|ValidateModelOneVideo.stdout_success||complete||Validation video saved at C:/Users/tchew/Desktop/New folder (2)\final\project_folder\frames\output\validation\try2 walk.avi
2023-10-23T18:20:27Z|copy_single_video_to_project.stdout_success||complete||Video try3 imported to SimBA project (project_folder/videos directory
2023-10-23T18:20:31Z|simba.pose_importers.dlc_importer_csv||CLASS_INIT||file_path: C:/Users/tchew/Downloads/try3DLC_resnet50_OrangutanOct17shuffle1_400.csv, smoothing_time: , smoothing_setting: None, interpolation_setting: None, config_path: C:/Users/tchew/Desktop/New folder (2)/final/project_folder/project_config.ini
2023-10-23T18:20:31Z|import_single_dlc_tracking_csv_file.stdout_success||complete||Imported 1 pose estimation file(s)
2023-10-23T18:20:43Z|VideoInfoTable||CLASS_INIT||config_path: C:/Users/tchew/Desktop/New folder (2)/final/project_folder/project_config.ini
2023-10-23T18:21:09Z|VideoInfoTable.stdout_success||complete||Video info saved at project_folder/logs/video_info.csv
2023-10-23T18:21:22Z|OutlierCorrecterMovement||CLASS_INIT||Criterion: 30.0, Body-parts {'Animal_1': {'bp_1': 'head', 'bp_2': 'center'}}
2023-10-23T18:21:23Z|OutlierCorrecterMovement.stdout_success||complete||Log for corrected "movement outliers" saved in project_folder/logs
2023-10-23T18:21:23Z|OutlierCorrecterLocation||CLASS_INIT||Criterion: 30.0, Body-parts {'Animal_1': {'bp_1': 'head', 'bp_2': 'center'}}
2023-10-23T18:21:23Z|OutlierCorrecterLocation.stdout_success||complete||Log for corrected "location outliers" saved in project_folder/logs
2023-10-23T18:21:23Z|SimbaProjectPopUp.stdout_success||complete||Outlier corrected files located in "project_folder/csv/outlier_corrected_movement_location" directory
2023-10-23T18:21:30Z|UserDefinedFeatureExtractor||CLASS_INIT||config_path: C:/Users/tchew/Desktop/New folder (2)/final/project_folder/project_config.ini
2023-10-23T18:21:32Z|UserDefinedFeatureExtractor.stdout_success||complete||Feature extraction complete for 5 video(s). Results are saved inside the project_folder/csv/features_extracted directory
2023-10-23T18:21:52Z|InferenceValidation||CLASS_INIT||clf_path: C:/Users/tchew/Desktop/New folder (2)/final/models/generated_models/walk.sav, input_file_path: C:/Users/tchew/Desktop/New folder (2)/final/project_folder/csv/features_extracted/try3.csv, config_path: C:/Users/tchew/Desktop/New folder (2)/final/project_folder/project_config.ini
2023-10-23T18:21:52Z|InferenceValidation.stdout_success||complete||Validation predictions generated for "try3" within the project_folder/csv/validation directory
2023-10-23T18:22:07Z|ValidateModelOneVideo||CLASS_INIT||settings: {'pose': True, 'animal_names': False, 'styles': None}, create_gantt: None, shortest_bout: 1000, discrimination_threshold: 0.9, model_path: C:/Users/tchew/Desktop/New folder (2)/final/models/generated_models/walk.sav, feature_file_path: C:/Users/tchew/Desktop/New folder (2)/final/project_folder/csv/features_extracted/try3.csv, config_path: C:/Users/tchew/Desktop/New folder (2)/final/project_folder/project_config.ini
2023-10-23T18:22:11Z|ValidateModelOneVideo.stdout_success||complete||Validation video saved at C:/Users/tchew/Desktop/New folder (2)\final\project_folder\frames\output\validation\try3 walk.avi
2023-10-23T18:22:19Z|ValidateModelOneVideo||CLASS_INIT||settings: {'pose': True, 'animal_names': False, 'styles': None}, create_gantt: None, shortest_bout: 1000, discrimination_threshold: 0.9, model_path: C:/Users/tchew/Desktop/New folder (2)/final/models/generated_models/walk.sav, feature_file_path: C:/Users/tchew/Desktop/New folder (2)/final/project_folder/csv/features_extracted/try3.csv, config_path: C:/Users/tchew/Desktop/New folder (2)/final/project_folder/project_config.ini
2023-10-23T18:22:20Z|ValidateModelOneVideo||CLASS_INIT||settings: {'pose': True, 'animal_names': False, 'styles': None}, create_gantt: None, shortest_bout: 1000, discrimination_threshold: 0.9, model_path: C:/Users/tchew/Desktop/New folder (2)/final/models/generated_models/walk.sav, feature_file_path: C:/Users/tchew/Desktop/New folder (2)/final/project_folder/csv/features_extracted/try3.csv, config_path: C:/Users/tchew/Desktop/New folder (2)/final/project_folder/project_config.ini
2023-10-23T18:22:24Z|ValidateModelOneVideo.stdout_success||complete||Validation video saved at C:/Users/tchew/Desktop/New folder (2)\final\project_folder\frames\output\validation\try3 walk.avi
2023-10-23T18:22:28Z|ValidateModelOneVideo.stdout_success||complete||Validation video saved at C:/Users/tchew/Desktop/New folder (2)\final\project_folder\frames\output\validation\try3 walk.avi
2023-10-24T21:46:36Z|SimbaProjectPopUp.stdout_success||complete||Loaded project C:/Users/tchew/Desktop/New folder (2)/final/project_folder/project_config.ini
2023-10-24T21:49:06Z|check_str.StringError||error||SIMBA STRING ERROR: POSE CONFIG NAME should be an string in SimBA, but is set to 
2023-10-24T21:49:22Z|CreateUserDefinedPoseConfigurationPopUp.stdout_success||complete||User-defined pose-configuration "leg" created.
2023-10-24T21:57:06Z|VideoInfoTable||CLASS_INIT||config_path: C:/Users/tchew/Desktop/New folder (2)/final/project_folder/project_config.ini
2023-10-24T22:18:03Z|MachineModelSettingsPopUp||CLASS_INIT||config_path: C:/Users/tchew/Desktop/New folder (2)/final/project_folder/project_config.ini
2023-10-25T02:43:02Z|SimbaProjectPopUp.stdout_success||complete||Loaded project C:/Users/tchew/Desktop/New folder (2)/final/project_folder/project_config.ini
2023-10-25T02:43:10Z|check_file_exist_and_readable.NoFilesFoundError||error||SIMBA NO FILES FOUND ERROR: No file selected is not a valid file path
2023-10-25T02:43:28Z|copy_single_video_to_project.stdout_success||complete||Video test4 imported to SimBA project (project_folder/videos directory
2023-10-25T02:56:23Z|simba.pose_importers.dlc_importer_csv||CLASS_INIT||file_path: C:/Users/tchew/Downloads/test4DLC_resnet50_OrangutanOct17shuffle1_400_filtered.csv, smoothing_time: , smoothing_setting: None, interpolation_setting: None, config_path: C:/Users/tchew/Desktop/New folder (2)/final/project_folder/project_config.ini
2023-10-25T02:56:23Z|import_single_dlc_tracking_csv_file.stdout_success||complete||Imported 1 pose estimation file(s)
2023-10-25T02:56:37Z|VideoInfoTable||CLASS_INIT||config_path: C:/Users/tchew/Desktop/New folder (2)/final/project_folder/project_config.ini
2023-10-25T02:56:57Z|VideoInfoTable.stdout_success||complete||Video info saved at project_folder/logs/video_info.csv
2023-10-25T02:57:08Z|OutlierCorrecterMovement||CLASS_INIT||Criterion: 30.0, Body-parts {'Animal_1': {'bp_1': 'head', 'bp_2': 'center'}}
2023-10-25T02:57:11Z|OutlierCorrecterMovement.stdout_success||complete||Log for corrected "movement outliers" saved in project_folder/logs
2023-10-25T02:57:11Z|OutlierCorrecterLocation||CLASS_INIT||Criterion: 30.0, Body-parts {'Animal_1': {'bp_1': 'head', 'bp_2': 'center'}}
2023-10-25T02:57:13Z|OutlierCorrecterLocation.stdout_success||complete||Log for corrected "location outliers" saved in project_folder/logs
2023-10-25T02:57:13Z|SimbaProjectPopUp.stdout_success||complete||Outlier corrected files located in "project_folder/csv/outlier_corrected_movement_location" directory
2023-10-25T02:57:16Z|UserDefinedFeatureExtractor||CLASS_INIT||config_path: C:/Users/tchew/Desktop/New folder (2)/final/project_folder/project_config.ini
2023-10-25T02:57:21Z|UserDefinedFeatureExtractor.stdout_success||complete||Feature extraction complete for 6 video(s). Results are saved inside the project_folder/csv/features_extracted directory
2023-10-25T02:57:52Z|InferenceValidation||CLASS_INIT||clf_path: C:/Users/tchew/Desktop/New folder (2)/final/models/generated_models/walk.sav, input_file_path: C:/Users/tchew/Desktop/New folder (2)/final/project_folder/csv/features_extracted/test4.csv, config_path: C:/Users/tchew/Desktop/New folder (2)/final/project_folder/project_config.ini
2023-10-25T02:57:52Z|InferenceValidation.stdout_success||complete||Validation predictions generated for "test4" within the project_folder/csv/validation directory
2023-10-25T02:57:59Z|check_int.IntegerError||error||SIMBA INTEGER ERROR: MINIMUM BOUT LENGTH should be an integer number in SimBA, but is set to 
2023-10-25T02:58:22Z|ValidateModelOneVideo||CLASS_INIT||settings: {'pose': True, 'animal_names': False, 'styles': None}, create_gantt: None, shortest_bout: 10, discrimination_threshold: 0.9, model_path: C:/Users/tchew/Desktop/New folder (2)/final/models/generated_models/walk.sav, feature_file_path: C:/Users/tchew/Desktop/New folder (2)/final/project_folder/csv/features_extracted/test4.csv, config_path: C:/Users/tchew/Desktop/New folder (2)/final/project_folder/project_config.ini
2023-10-25T02:58:33Z|ValidateModelOneVideo.stdout_success||complete||Validation video saved at C:/Users/tchew/Desktop/New folder (2)\final\project_folder\frames\output\validation\test4 walk.avi
2023-10-25T03:01:14Z|LabellingInterface||CLASS_INIT||continuing: False, setting: from_scratch, threshold_dict: None, file_path: C:/Users/tchew/Downloads/test4.mp4, config_path: C:/Users/tchew/Desktop/New folder (2)/final/project_folder/project_config.ini
2023-10-25T13:26:06Z|InferenceBatch||CLASS_INIT||config_path: C:/Users/tchew/Desktop/New folder (2)/final/project_folder/project_config.ini
2023-10-25T13:26:14Z|InferenceBatch.stdout_success||complete||Machine predictions complete. Files saved in project_folder/csv/machine_results directory
2023-10-25T13:26:29Z|GanttCreatorSingleProcess||CLASS_INIT||style_attr: {'width': 640, 'height': 480, 'font size': 8, 'font rotation': 45}, files_found: ['C:/Users/tchew/Desktop/New folder (2)\\final\\project_folder\\csv\\machine_results\\test.csv', 'C:/Users/tchew/Desktop/New folder (2)\\final\\project_folder\\csv\\machine_results\\test4.csv', 'C:/Users/tchew/Desktop/New folder (2)\\final\\project_folder\\csv\\machine_results\\try2.csv', 'C:/Users/tchew/Desktop/New folder (2)\\final\\project_folder\\csv\\machine_results\\try3.csv', 'C:/Users/tchew/Desktop/New folder (2)\\final\\project_folder\\csv\\machine_results\\video-20231012-045518-7502573c.csv', 'C:/Users/tchew/Desktop/New folder (2)\\final\\project_folder\\csv\\machine_results\\video-20231012-055330-3c9be964.csv'], last_frm_setting: False, video_setting: False, frame_setting: False, config_path: C:/Users/tchew/Desktop/New folder (2)/final/project_folder/project_config.ini
2023-10-25T13:26:29Z|GanttCreatorSingleProcess.NoSpecifiedOutputError||error||SIMBA ERROR: Please select gantt videos, frames, and/or last frame.
2023-10-25T13:26:35Z|GanttCreatorSingleProcess||CLASS_INIT||style_attr: {'width': 640, 'height': 480, 'font size': 8, 'font rotation': 45}, files_found: ['C:/Users/tchew/Desktop/New folder (2)\\final\\project_folder\\csv\\machine_results\\test.csv', 'C:/Users/tchew/Desktop/New folder (2)\\final\\project_folder\\csv\\machine_results\\test4.csv', 'C:/Users/tchew/Desktop/New folder (2)\\final\\project_folder\\csv\\machine_results\\try2.csv', 'C:/Users/tchew/Desktop/New folder (2)\\final\\project_folder\\csv\\machine_results\\try3.csv', 'C:/Users/tchew/Desktop/New folder (2)\\final\\project_folder\\csv\\machine_results\\video-20231012-045518-7502573c.csv', 'C:/Users/tchew/Desktop/New folder (2)\\final\\project_folder\\csv\\machine_results\\video-20231012-055330-3c9be964.csv'], last_frm_setting: False, video_setting: True, frame_setting: True, config_path: C:/Users/tchew/Desktop/New folder (2)/final/project_folder/project_config.ini
2023-10-25T13:29:11Z|GanttCreatorSingleProcess.stdout_success||complete||All gantt visualizations created in project_folder/frames/output/gantt_plots directory
2023-10-25T14:20:05Z|PlotSklearnResultsSingleCore||CLASS_INIT||print_timers: True, rotate: False, video_file_path: test.mp4, text_settings: False, frame_setting: True, video_setting: True, config_path: C:/Users/tchew/Desktop/New folder (2)/final/project_folder/project_config.ini
2023-10-25T14:21:26Z|PlotSklearnResultsSingleCore.stdout_success||complete||All visualizations created in project_folder/frames/output/sklearn_results directory
2023-10-25T14:23:33Z|TresholdPlotCreatorSingleProcess||CLASS_INIT||files_found: ['C:/Users/tchew/Desktop/New folder (2)\\final\\project_folder\\csv\\machine_results\\test.csv'], style_attr: {'width': 640, 'height': 480, 'font size': 10, 'line width': 6, 'color': 'blue', 'circle size': 20, 'y_max': 'auto'}, last_image: True, video_setting: True, frame_setting: True, clf_name: walk, config_path: C:/Users/tchew/Desktop/New folder (2)/final/project_folder/project_config.ini
2023-10-25T14:23:34Z|TresholdPlotCreatorSingleProcess.stdout_success||complete||Final distance plot saved at C:/Users/tchew/Desktop/New folder (2)\final\project_folder\frames\output\probability_plots\test_walk_final_image.png
2023-10-25T14:24:27Z|TresholdPlotCreatorSingleProcess.stdout_success||complete||All probability visualizations created in project_folder/frames/output/probability_plots directory
2023-10-25T14:30:15Z|HeatMapperClfSingleCore||CLASS_INIT||style_attr: {'palette': 'magma', 'shading': 'gouraud', 'max_scale': 'auto', 'bin_size': 80}, files_found: ['C:/Users/tchew/Desktop/New folder (2)\\final\\project_folder\\csv\\machine_results\\test.csv'], clf_name: walk, bodypart: head, frame_setting: True, video_setting: True, final_img_setting: True, config_path: C:/Users/tchew/Desktop/New folder (2)/final/project_folder/project_config.ini
2023-10-25T14:32:44Z|SimbaProjectPopUp.stdout_success||complete||Loaded project C:/Users/tchew/Desktop/New folder (2)/final/project_folder/project_config.ini
2023-10-25T14:32:54Z|DistancePlotterPopUp.DuplicationError||error||SIMBA DUPLICATION ERROR: DISTANCE LINE 1 ERROR: The two body-parts cannot be the same body-part.
2023-10-25T14:33:06Z|DistancePlotterSingleCore||CLASS_INIT||line_attr: defaultdict(<class 'list'>, {0: ['rightleg', 'leftleg', 'Grey']}), style_attr: {'width': 640, 'height': 480, 'line width': 6, 'font size': 8, 'opacity': 0.5, 'y_max': 'auto'}, files_found: ['C:/Users/tchew/Desktop/New folder (2)\\final\\project_folder\\csv\\outlier_corrected_movement_location\\test.csv'], final_img: False, video_setting: True, frame_setting: True, config_path: C:/Users/tchew/Desktop/New folder (2)/final/project_folder/project_config.ini
2023-10-25T14:33:52Z|DistancePlotterSingleCore.stdout_success||complete||All distance visualizations created in project_folder/frames/output/line_plot directory
2023-10-25T14:35:01Z|DataPlotter||CLASS_INIT||frame_setting: False, video_setting: False, data_paths: ['C:/Users/tchew/Desktop/New folder (2)\\final\\project_folder\\csv\\outlier_corrected_movement_location\\test.csv'], body_part_attr: [['leftleg', 'Grey']], style_attr: {'bg_color': 'White', 'header_color': 'Black', 'font_thickness': 1, 'size': (640, 480), 'data_accuracy': 2}, config_path: C:/Users/tchew/Desktop/New folder (2)/final/project_folder/project_config.ini
2023-10-25T14:35:01Z|DataPlotter.NoSpecifiedOutputError||error||SIMBA ERROR: Please choose to create video and/or frames data plots. SimBA found that you ticked neither video and/or frames
2023-10-25T14:35:07Z|DataPlotter||CLASS_INIT||frame_setting: True, video_setting: True, data_paths: ['C:/Users/tchew/Desktop/New folder (2)\\final\\project_folder\\csv\\outlier_corrected_movement_location\\test.csv'], body_part_attr: [['leftleg', 'Grey']], style_attr: {'bg_color': 'White', 'header_color': 'Black', 'font_thickness': 1, 'size': (640, 480), 'data_accuracy': 2}, config_path: C:/Users/tchew/Desktop/New folder (2)/final/project_folder/project_config.ini
2023-10-25T14:35:07Z|MovementCalculator||CLASS_INIT||file_paths: ['C:/Users/tchew/Desktop/New folder (2)\\final\\project_folder\\csv\\outlier_corrected_movement_location\\test.csv'], threshold: 0.0, body_parts: ['leftleg'], config_path: C:/Users/tchew/Desktop/New folder (2)/final/project_folder/project_config.ini
2023-10-30T17:46:50Z|SimbaProjectPopUp.stdout_success||complete||Loaded project C:/Users/tchew/Desktop/New folder (2)/final/project_folder/project_config.ini
2023-10-30T17:47:11Z|LabellingInterface||CLASS_INIT||continuing: False, setting: from_scratch, threshold_dict: None, file_path: C:/Users/tchew/Desktop/New folder (2)/final/project_folder/videos/try3.mp4, config_path: C:/Users/tchew/Desktop/New folder (2)/final/project_folder/project_config.ini
